nohup: ignoring input
[INFO] ================================================================================
[INFO] OPTUNA HYPERPARAMETER TUNING FOR STANDARD DE
[INFO] ================================================================================
[INFO] Log file: /home/superior/vini/ml_project/CVAE-Opt/runs/optuna_tune_14.11.2025_14-50-33/optuna_tuning_20251114_145033.log
[INFO] Output directory: /home/superior/vini/ml_project/CVAE-Opt/runs/optuna_tune_14.11.2025_14-50-33
[INFO] 
[INFO] Random seed: 1234
[INFO] Loading model from: models/tsp_100_model_63108.pt
[INFO] Problem: TSP100
[INFO] Search space bound: 0.8476099932193757
[INFO] Search space size: 100
[INFO] Search iterations: 300
[INFO] Model loaded successfully
[INFO] Loading instances from: instances/tsp/test/tsp100_20inst_w_optimal.pkl
[INFO] Loaded 20 instances
[INFO] Optimal solutions available: Yes
[INFO] 
[INFO] TUNING CONFIGURATION:
[INFO]   Number of trials: 50
[INFO]   Instances for tuning: 3
[INFO]   Population size: 600
[INFO]   Study name: de_tuning
[INFO]   Storage: sqlite:///optuna_de.db
[INFO] 
[INFO] HYPERPARAMETER SEARCH SPACE:
[INFO]   mutate (F): LogUniform[0.2, 1.0]
[INFO]   recombination (CR): Uniform[0.7, 0.95]
[INFO] 
[INFO] ================================================================================
[INFO] 
[I 2025-11-14 14:50:34,133] A new study created in RDB with name: de_tuning
[INFO] Default parameters enqueued as first trial (mutate=0.3, recombination=0.95)
[INFO] 
[INFO] Starting hyperparameter optimization...
[INFO] 
[INFO] ================================================================================
[INFO] Trial 1 started
[INFO]   Parameters: mutate=0.300000, recombination=0.950000
[INFO]   Using first 3 instances for tuning
[INFO]   Instance 0: gap=0.02%, cost=7.8064, optimal=7.8049, time=75.4s
[INFO]   Instance 1: gap=0.08%, cost=8.1146, optimal=8.1083, time=75.5s
[INFO]   Instance 2: gap=0.83%, cost=7.8497, optimal=7.7849, time=75.5s
[INFO]   Trial 1 completed:
[INFO]     Mean gap: 0.3099%
[INFO]     Std gap: 0.3704%
[INFO]     Total time: 226.42s
[INFO] ================================================================================
[I 2025-11-14 14:54:20,840] Trial 0 finished with value: 0.3099164947625595 and parameters: {'mutate': 0.3, 'recombination': 0.95}. Best is trial 0 with value: 0.3099164947625595.
[INFO] ================================================================================
[INFO] Trial 2 started
[INFO]   Parameters: mutate=0.272205, recombination=0.855527
[INFO]   Using first 3 instances for tuning
[INFO]   Instance 0: gap=0.36%, cost=7.8333, optimal=7.8049, time=75.4s
[INFO]   Instance 1: gap=0.08%, cost=8.1146, optimal=8.1083, time=75.3s
[INFO]   Instance 2: gap=0.88%, cost=7.8538, optimal=7.7849, time=75.4s
[INFO]   Trial 2 completed:
[INFO]     Mean gap: 0.4421%
[INFO]     Std gap: 0.3341%
[INFO]     Total time: 226.15s
[INFO] ================================================================================
[I 2025-11-14 14:58:07,048] Trial 1 finished with value: 0.44208212453965184 and parameters: {'mutate': 0.27220515571798265, 'recombination': 0.8555271927599579}. Best is trial 0 with value: 0.3099164947625595.
[INFO] ================================================================================
[INFO] Trial 3 started
[INFO]   Parameters: mutate=0.404565, recombination=0.896340
[INFO]   Using first 3 instances for tuning
[INFO]   Instance 0: gap=0.53%, cost=7.8459, optimal=7.8049, time=75.5s
[INFO]   Instance 1: gap=0.19%, cost=8.1238, optimal=8.1083, time=75.4s
[INFO]   Instance 2: gap=0.70%, cost=7.8393, optimal=7.7849, time=75.5s
[INFO]   Trial 3 completed:
[INFO]     Mean gap: 0.4716%
[INFO]     Std gap: 0.2106%
[INFO]     Total time: 226.34s
[INFO] ================================================================================
[I 2025-11-14 15:01:53,445] Trial 2 finished with value: 0.4716270868034167 and parameters: {'mutate': 0.4045652302900349, 'recombination': 0.8963396459284423}. Best is trial 0 with value: 0.3099164947625595.
[INFO] ================================================================================
[INFO] Trial 4 started
[INFO]   Parameters: mutate=0.701794, recombination=0.768148
[INFO]   Using first 3 instances for tuning
[INFO]   Instance 0: gap=0.84%, cost=7.8703, optimal=7.8049, time=75.4s
[INFO]   Instance 1: gap=0.80%, cost=8.1736, optimal=8.1083, time=75.2s
[INFO]   Instance 2: gap=2.46%, cost=7.9763, optimal=7.7849, time=75.4s
[INFO]   Trial 4 completed:
[INFO]     Mean gap: 1.3671%
[INFO]     Std gap: 0.7722%
[INFO]     Total time: 226.00s
[INFO] ================================================================================
[I 2025-11-14 15:05:39,504] Trial 3 finished with value: 1.3670630298473634 and parameters: {'mutate': 0.7017940626334207, 'recombination': 0.7681481513206604}. Best is trial 0 with value: 0.3099164947625595.
[INFO] ================================================================================
[INFO] Trial 5 started
[INFO]   Parameters: mutate=0.312083, recombination=0.900468
[INFO]   Using first 3 instances for tuning
[INFO]   Instance 0: gap=0.02%, cost=7.8064, optimal=7.8049, time=75.4s
[INFO]   Instance 1: gap=0.03%, cost=8.1110, optimal=8.1083, time=75.5s
[INFO]   Instance 2: gap=0.64%, cost=7.8350, optimal=7.7849, time=75.4s
[INFO]   Trial 5 completed:
[INFO]     Mean gap: 0.2325%
[INFO]     Std gap: 0.2909%
[INFO]     Total time: 226.27s
[INFO] ================================================================================
[I 2025-11-14 15:09:25,834] Trial 4 finished with value: 0.23245262709252015 and parameters: {'mutate': 0.31208307556661, 'recombination': 0.9004680443837547}. Best is trial 4 with value: 0.23245262709252015.
[INFO] ================================================================================
[INFO] Trial 6 started
[INFO]   Parameters: mutate=0.934847, recombination=0.918983
[INFO]   Using first 3 instances for tuning
[INFO]   Instance 0: gap=1.25%, cost=7.9025, optimal=7.8049, time=75.5s
[INFO]   Instance 1: gap=1.22%, cost=8.2075, optimal=8.1083, time=75.5s
[INFO]   Instance 2: gap=1.84%, cost=7.9282, optimal=7.7849, time=75.4s
[INFO]   Trial 6 completed:
[INFO]     Mean gap: 1.4381%
[INFO]     Std gap: 0.2851%
[INFO]     Total time: 226.33s
[INFO] ================================================================================
[I 2025-11-14 15:13:12,220] Trial 5 finished with value: 1.4381220855454273 and parameters: {'mutate': 0.9348472694477524, 'recombination': 0.9189831586855236}. Best is trial 4 with value: 0.23245262709252015.
[INFO] ================================================================================
[INFO] Trial 7 started
[INFO]   Parameters: mutate=0.355741, recombination=0.825249
[INFO]   Using first 3 instances for tuning
[INFO]   Instance 0: gap=0.38%, cost=7.8349, optimal=7.8049, time=75.4s
[INFO]   Instance 1: gap=0.50%, cost=8.1492, optimal=8.1083, time=75.4s
[INFO]   Instance 2: gap=1.32%, cost=7.8878, optimal=7.7849, time=75.3s
[INFO]   Trial 7 completed:
[INFO]     Mean gap: 0.7369%
[INFO]     Std gap: 0.4168%
[INFO]     Total time: 226.07s
[INFO] ================================================================================
[I 2025-11-14 15:16:58,345] Trial 6 finished with value: 0.7368818356192927 and parameters: {'mutate': 0.3557406828772253, 'recombination': 0.8252487813808647}. Best is trial 4 with value: 0.23245262709252015.
[INFO] ================================================================================
[INFO] Trial 8 started
[INFO]   Parameters: mutate=0.600828, recombination=0.878176
[INFO]   Using first 3 instances for tuning
[INFO]   Instance 0: gap=0.75%, cost=7.8637, optimal=7.8049, time=75.4s
[INFO]   Instance 1: gap=0.74%, cost=8.1682, optimal=8.1083, time=75.3s
[INFO]   Instance 2: gap=1.53%, cost=7.9042, optimal=7.7849, time=75.3s
[INFO]   Trial 8 completed:
[INFO]     Mean gap: 1.0082%
[INFO]     Std gap: 0.3705%
[INFO]     Total time: 226.01s
[INFO] ================================================================================
[I 2025-11-14 15:20:44,416] Trial 7 finished with value: 1.0082277892232334 and parameters: {'mutate': 0.6008278932126246, 'recombination': 0.878175506745725}. Best is trial 4 with value: 0.23245262709252015.
[INFO] ================================================================================
[INFO] Trial 9 started
[INFO]   Parameters: mutate=0.362931, recombination=0.840299
[INFO]   Using first 3 instances for tuning
[INFO]   Instance 0: gap=0.41%, cost=7.8366, optimal=7.8049, time=75.4s
[INFO]   Instance 1: gap=0.33%, cost=8.1352, optimal=8.1083, time=75.3s
[INFO]   Instance 2: gap=1.56%, cost=7.9066, optimal=7.7849, time=75.5s
[INFO]   Trial 9 completed:
[INFO]     Mean gap: 0.7670%
[INFO]     Std gap: 0.5638%
[INFO]     Total time: 226.18s
[INFO] ================================================================================
[I 2025-11-14 15:24:30,657] Trial 8 finished with value: 0.7670106598174353 and parameters: {'mutate': 0.3629310852390055, 'recombination': 0.8402990465164062}. Best is trial 4 with value: 0.23245262709252015.
[INFO] ================================================================================
[INFO] Trial 10 started
[INFO]   Parameters: mutate=0.449438, recombination=0.703442
[INFO]   Using first 3 instances for tuning
[INFO]   Instance 0: gap=0.66%, cost=7.8565, optimal=7.8049, time=75.5s
[INFO]   Instance 1: gap=0.97%, cost=8.1870, optimal=8.1083, time=75.3s
[INFO]   Instance 2: gap=1.26%, cost=7.8827, optimal=7.7849, time=75.3s
[INFO]   Trial 10 completed:
[INFO]     Mean gap: 0.9630%
[INFO]     Std gap: 0.2432%
[INFO]     Total time: 226.05s
[INFO] ================================================================================
[I 2025-11-14 15:28:16,759] Trial 9 finished with value: 0.9629809876440169 and parameters: {'mutate': 0.4494382573203827, 'recombination': 0.7034421123976705}. Best is trial 4 with value: 0.23245262709252015.
[INFO] ================================================================================
[INFO] Trial 11 started
[INFO]   Parameters: mutate=0.212657, recombination=0.776866
[INFO]   Using first 3 instances for tuning
[INFO]   Instance 0: gap=0.32%, cost=7.8296, optimal=7.8049, time=75.2s
[INFO]   Instance 1: gap=0.15%, cost=8.1203, optimal=8.1083, time=75.4s
[INFO]   Instance 2: gap=0.77%, cost=7.8450, optimal=7.7849, time=75.3s
[INFO]   Trial 11 completed:
[INFO]     Mean gap: 0.4122%
[INFO]     Std gap: 0.2640%
[INFO]     Total time: 225.92s
[INFO] ================================================================================
[I 2025-11-14 15:32:02,745] Trial 10 finished with value: 0.41224975426832344 and parameters: {'mutate': 0.212657475617163, 'recombination': 0.7768657158512959}. Best is trial 4 with value: 0.23245262709252015.
[INFO] ================================================================================
[INFO] Trial 12 started
[INFO]   Parameters: mutate=0.258279, recombination=0.947906
[INFO]   Using first 3 instances for tuning
[INFO]   Instance 0: gap=0.28%, cost=7.8269, optimal=7.8049, time=75.3s
[INFO]   Instance 1: gap=0.03%, cost=8.1110, optimal=8.1083, time=75.5s
[INFO]   Instance 2: gap=0.55%, cost=7.8273, optimal=7.7849, time=75.4s
[INFO]   Trial 12 completed:
[INFO]     Mean gap: 0.2871%
[INFO]     Std gap: 0.2088%
[INFO]     Total time: 226.18s
[INFO] ================================================================================
[I 2025-11-14 15:35:48,983] Trial 11 finished with value: 0.2870867422023471 and parameters: {'mutate': 0.2582793346730386, 'recombination': 0.9479055147348532}. Best is trial 4 with value: 0.23245262709252015.
[INFO] ================================================================================
[INFO] Trial 13 started
[INFO]   Parameters: mutate=0.203918, recombination=0.946098
[INFO]   Using first 3 instances for tuning
[INFO]   Instance 0: gap=0.02%, cost=7.8064, optimal=7.8049, time=75.5s
[INFO]   Instance 1: gap=0.43%, cost=8.1432, optimal=8.1083, time=75.3s
[INFO]   Instance 2: gap=0.37%, cost=7.8133, optimal=7.7849, time=75.3s
[INFO]   Trial 13 completed:
[INFO]     Mean gap: 0.2718%
[INFO]     Std gap: 0.1802%
[INFO]     Total time: 226.14s
[INFO] ================================================================================
[I 2025-11-14 15:39:35,184] Trial 12 finished with value: 0.2718464400482512 and parameters: {'mutate': 0.20391813295211308, 'recombination': 0.94609806576474}. Best is trial 4 with value: 0.23245262709252015.
[INFO] ================================================================================
[INFO] Trial 14 started
[INFO]   Parameters: mutate=0.206596, recombination=0.912198
[INFO]   Using first 3 instances for tuning
[INFO]   Instance 0: gap=0.17%, cost=7.8182, optimal=7.8049, time=75.3s
[INFO]   Instance 1: gap=0.03%, cost=8.1110, optimal=8.1083, time=75.3s
[INFO]   Instance 2: gap=0.63%, cost=7.8336, optimal=7.7849, time=75.3s
[INFO]   Trial 14 completed:
[INFO]     Mean gap: 0.2764%
[INFO]     Std gap: 0.2528%
[INFO]     Total time: 225.95s
[INFO] ================================================================================
[I 2025-11-14 15:43:21,198] Trial 13 finished with value: 0.2764003799389088 and parameters: {'mutate': 0.2065960528767378, 'recombination': 0.9121975547517241}. Best is trial 4 with value: 0.23245262709252015.
[INFO] ================================================================================
[INFO] Trial 15 started
[INFO]   Parameters: mutate=0.246911, recombination=0.884648
[INFO]   Using first 3 instances for tuning
[INFO]   Instance 0: gap=0.35%, cost=7.8322, optimal=7.8049, time=75.5s
[INFO]   Instance 1: gap=0.02%, cost=8.1101, optimal=8.1083, time=75.3s
[INFO]   Instance 2: gap=0.53%, cost=7.8263, optimal=7.7849, time=75.3s
[INFO]   Trial 15 completed:
[INFO]     Mean gap: 0.3013%
[INFO]     Std gap: 0.2112%
[INFO]     Total time: 226.04s
[INFO] ================================================================================
[I 2025-11-14 15:47:07,302] Trial 14 finished with value: 0.3012716786016038 and parameters: {'mutate': 0.246910765174022, 'recombination': 0.8846479842597418}. Best is trial 4 with value: 0.23245262709252015.
[INFO] ================================================================================
[INFO] Trial 16 started
[INFO]   Parameters: mutate=0.330019, recombination=0.928063
[INFO]   Using first 3 instances for tuning
[INFO]   Instance 0: gap=0.02%, cost=7.8064, optimal=7.8049, time=75.5s
[INFO]   Instance 1: gap=0.08%, cost=8.1146, optimal=8.1083, time=75.3s
[INFO]   Instance 2: gap=0.53%, cost=7.8263, optimal=7.7849, time=75.3s
[INFO]   Trial 16 completed:
[INFO]     Mean gap: 0.2096%
[INFO]     Std gap: 0.2290%
[INFO]     Total time: 226.03s
[INFO] ================================================================================
[I 2025-11-14 15:50:53,401] Trial 15 finished with value: 0.20964359043196268 and parameters: {'mutate': 0.33001886063421876, 'recombination': 0.9280625593596535}. Best is trial 15 with value: 0.20964359043196268.
[INFO] ================================================================================
[INFO] Trial 17 started
[INFO]   Parameters: mutate=0.500949, recombination=0.792818
[INFO]   Using first 3 instances for tuning
[INFO]   Instance 0: gap=0.65%, cost=7.8555, optimal=7.8049, time=75.3s
[INFO]   Instance 1: gap=0.71%, cost=8.1661, optimal=8.1083, time=75.3s
[INFO]   Instance 2: gap=1.89%, cost=7.9319, optimal=7.7849, time=75.4s
[INFO]   Trial 17 completed:
[INFO]     Mean gap: 1.0832%
[INFO]     Std gap: 0.5697%
[INFO]     Total time: 226.06s
[INFO] ================================================================================
[I 2025-11-14 15:54:39,523] Trial 16 finished with value: 1.0832055070739626 and parameters: {'mutate': 0.5009490077661075, 'recombination': 0.7928183047356168}. Best is trial 15 with value: 0.20964359043196268.
[INFO] ================================================================================
[INFO] Trial 18 started
[INFO]   Parameters: mutate=0.316493, recombination=0.861145
[INFO]   Using first 3 instances for tuning
[INFO]   Instance 0: gap=0.05%, cost=7.8091, optimal=7.8049, time=75.3s
[INFO]   Instance 1: gap=0.19%, cost=8.1238, optimal=8.1083, time=75.5s
[INFO]   Instance 2: gap=0.59%, cost=7.8306, optimal=7.7849, time=75.5s
[INFO]   Trial 18 completed:
[INFO]     Mean gap: 0.2772%
[INFO]     Std gap: 0.2257%
[INFO]     Total time: 226.21s
[INFO] ================================================================================
[I 2025-11-14 15:58:25,798] Trial 17 finished with value: 0.2771913388055343 and parameters: {'mutate': 0.3164929191496269, 'recombination': 0.8611454045906726}. Best is trial 15 with value: 0.20964359043196268.
[INFO] ================================================================================
[INFO] Trial 19 started
[INFO]   Parameters: mutate=0.519601, recombination=0.913624
[INFO]   Using first 3 instances for tuning
[INFO]   Instance 0: gap=0.59%, cost=7.8506, optimal=7.8049, time=75.4s
[INFO]   Instance 1: gap=0.50%, cost=8.1492, optimal=8.1083, time=75.4s
[INFO]   Instance 2: gap=1.51%, cost=7.9025, optimal=7.7849, time=75.4s
[INFO]   Trial 19 completed:
[INFO]     Mean gap: 0.8663%
[INFO]     Std gap: 0.4564%
[INFO]     Total time: 226.20s
[INFO] ================================================================================
[I 2025-11-14 16:02:12,058] Trial 18 finished with value: 0.8663327207773186 and parameters: {'mutate': 0.519600524299944, 'recombination': 0.9136242879159223}. Best is trial 15 with value: 0.20964359043196268.
[INFO] ================================================================================
[INFO] Trial 20 started
[INFO]   Parameters: mutate=0.349819, recombination=0.709890
[INFO]   Using first 3 instances for tuning
[INFO]   Instance 0: gap=0.64%, cost=7.8549, optimal=7.8049, time=75.5s
[INFO]   Instance 1: gap=0.59%, cost=8.1560, optimal=8.1083, time=75.4s
[INFO]   Instance 2: gap=1.14%, cost=7.8740, optimal=7.7849, time=75.5s
[INFO]   Trial 20 completed:
[INFO]     Mean gap: 0.7913%
[INFO]     Std gap: 0.2508%
[INFO]     Total time: 226.32s
[INFO] ================================================================================
[I 2025-11-14 16:05:58,441] Trial 19 finished with value: 0.7912722649677942 and parameters: {'mutate': 0.34981884429433424, 'recombination': 0.709890329131692}. Best is trial 15 with value: 0.20964359043196268.
[INFO] ================================================================================
[INFO] Trial 21 started
[INFO]   Parameters: mutate=0.423292, recombination=0.803971
[INFO]   Using first 3 instances for tuning
[INFO]   Instance 0: gap=0.61%, cost=7.8526, optimal=7.8049, time=75.3s
[INFO]   Instance 1: gap=0.64%, cost=8.1606, optimal=8.1083, time=75.5s
[INFO]   Instance 2: gap=1.14%, cost=7.8740, optimal=7.7849, time=75.3s
[INFO]   Trial 21 completed:
[INFO]     Mean gap: 0.7998%
[INFO]     Std gap: 0.2440%
[INFO]     Total time: 226.10s
[INFO] ================================================================================
[I 2025-11-14 16:09:44,604] Trial 20 finished with value: 0.7997604509419073 and parameters: {'mutate': 0.4232919097238336, 'recombination': 0.8039707450046698}. Best is trial 15 with value: 0.20964359043196268.
[INFO] ================================================================================
[INFO] Trial 22 started
[INFO]   Parameters: mutate=0.236415, recombination=0.927790
[INFO]   Using first 3 instances for tuning
[INFO]   Instance 0: gap=0.02%, cost=7.8064, optimal=7.8049, time=75.3s
[INFO]   Instance 1: gap=0.08%, cost=8.1146, optimal=8.1083, time=75.3s
[INFO]   Instance 2: gap=0.49%, cost=7.8231, optimal=7.7849, time=75.3s
[INFO]   Trial 22 completed:
[INFO]     Mean gap: 0.1958%
[INFO]     Std gap: 0.2096%
[INFO]     Total time: 225.89s
[INFO] ================================================================================
[I 2025-11-14 16:13:30,552] Trial 21 finished with value: 0.19584361160050653 and parameters: {'mutate': 0.23641522460836564, 'recombination': 0.9277903328265157}. Best is trial 21 with value: 0.19584361160050653.
[INFO] ================================================================================
[INFO] Trial 23 started
[INFO]   Parameters: mutate=0.240790, recombination=0.927533
[INFO]   Using first 3 instances for tuning
[INFO]   Instance 0: gap=0.01%, cost=7.8053, optimal=7.8049, time=75.4s
[INFO]   Instance 1: gap=0.30%, cost=8.1323, optimal=8.1083, time=75.3s
[INFO]   Instance 2: gap=0.48%, cost=7.8225, optimal=7.7849, time=75.3s
[INFO]   Trial 23 completed:
[INFO]     Mean gap: 0.2616%
[INFO]     Std gap: 0.1962%
[INFO]     Total time: 226.00s
[INFO] ================================================================================
[I 2025-11-14 16:17:16,616] Trial 22 finished with value: 0.26163376492919593 and parameters: {'mutate': 0.240790165011966, 'recombination': 0.9275332725710375}. Best is trial 21 with value: 0.19584361160050653.
[INFO] ================================================================================
[INFO] Trial 24 started
[INFO]   Parameters: mutate=0.299879, recombination=0.901579
[INFO]   Using first 3 instances for tuning
[INFO]   Instance 0: gap=0.48%, cost=7.8421, optimal=7.8049, time=75.4s
[INFO]   Instance 1: gap=0.08%, cost=8.1146, optimal=8.1083, time=75.3s
[INFO]   Instance 2: gap=0.59%, cost=7.8306, optimal=7.7849, time=75.4s
[INFO]   Trial 24 completed:
[INFO]     Mean gap: 0.3803%
[INFO]     Std gap: 0.2189%
[INFO]     Total time: 226.16s
[INFO] ================================================================================
