[I 2025-11-14 17:55:16,280] Trial 48 finished with value: 0.30423873486578046 and parameters: {'mutate': 0.20236053934948534, 'recombination': 0.8430434455969059}. Best is trial 25 with value: 0.14220367209593446.
[INFO] ================================================================================
[INFO] Trial 50 started
[INFO]   Parameters: mutate=0.224044, recombination=0.895918
[INFO]   Using first 3 instances for tuning
[INFO]   Instance 0: gap=0.01%, cost=7.8053, optimal=7.8049, time=75.3s
[INFO]   Instance 1: gap=0.03%, cost=8.1110, optimal=8.1083, time=75.3s
[INFO]   Instance 2: gap=0.59%, cost=7.8306, optimal=7.7849, time=75.4s
[INFO]   Trial 50 completed:
[INFO]     Mean gap: 0.2087%
[INFO]     Std gap: 0.2674%
[INFO]     Total time: 225.95s
[INFO] ================================================================================
[I 2025-11-14 17:59:02,294] Trial 49 finished with value: 0.2086541284001875 and parameters: {'mutate': 0.22404441355701618, 'recombination': 0.8959178679617675}. Best is trial 25 with value: 0.14220367209593446.
[INFO] 
[INFO] ================================================================================
[INFO] OPTIMIZATION COMPLETED
[INFO] ================================================================================
[INFO] Total time: 11308.14s (188.5 minutes)
[INFO] Trials completed: 50
[INFO] 
[INFO] BEST PARAMETERS:
[INFO]   mutate (F): 0.232165
[INFO]   recombination (CR): 0.875693
[INFO]   Best mean gap: 0.1422%
[INFO] 
[INFO] Best parameters saved to: /home/superior/vini/ml_project/CVAE-Opt/runs/optuna_tune_14.11.2025_14-50-33/best_de_params.json
[INFO] 
[INFO] Generating optimization visualizations...
[INFO] Visualizations skipped (requires Chrome/Chromium for image export)
[INFO] 
[INFO] ================================================================================
bash: line 2: --tune_n_instances: command not found
bash: line 3: instances/tsp/test/tsp100_20inst_w_optimal.pkl: Permission denied
