[I 2025-11-14 16:21:02,833] Trial 23 finished with value: 0.38028084496728454 and parameters: {'mutate': 0.29987943332399647, 'recombination': 0.9015787820994654}. Best is trial 21 with value: 0.19584361160050653.
[INFO] ================================================================================
[INFO] Trial 25 started
[INFO]   Parameters: mutate=0.275654, recombination=0.929182
[INFO]   Using first 3 instances for tuning
[INFO]   Instance 0: gap=0.02%, cost=7.8064, optimal=7.8049, time=75.5s
[INFO]   Instance 1: gap=0.08%, cost=8.1146, optimal=8.1083, time=75.3s
[INFO]   Instance 2: gap=0.87%, cost=7.8526, optimal=7.7849, time=75.4s
[INFO]   Trial 25 completed:
[INFO]     Mean gap: 0.3221%
[INFO]     Std gap: 0.3876%
[INFO]     Total time: 226.10s
[INFO] ================================================================================
[I 2025-11-14 16:24:48,996] Trial 24 finished with value: 0.32211372416618794 and parameters: {'mutate': 0.2756540424804855, 'recombination': 0.9291824196773136}. Best is trial 21 with value: 0.19584361160050653.
[INFO] ================================================================================
[INFO] Trial 26 started
[INFO]   Parameters: mutate=0.232165, recombination=0.875693
[INFO]   Using first 3 instances for tuning
[INFO]   Instance 0: gap=0.04%, cost=7.8080, optimal=7.8049, time=75.3s
[INFO]   Instance 1: gap=0.02%, cost=8.1101, optimal=8.1083, time=75.3s
[INFO]   Instance 2: gap=0.37%, cost=7.8133, optimal=7.7849, time=75.3s
[INFO]   Trial 26 completed:
[INFO]     Mean gap: 0.1422%
[INFO]     Std gap: 0.1577%
[INFO]     Total time: 225.93s
[INFO] ================================================================================
[I 2025-11-14 16:28:34,990] Trial 25 finished with value: 0.14220367209593446 and parameters: {'mutate': 0.23216518513938264, 'recombination': 0.8756931740533527}. Best is trial 25 with value: 0.14220367209593446.
[INFO] ================================================================================
[INFO] Trial 27 started
[INFO]   Parameters: mutate=0.225440, recombination=0.863750
[INFO]   Using first 3 instances for tuning
[INFO]   Instance 0: gap=0.02%, cost=7.8064, optimal=7.8049, time=75.3s
[INFO]   Instance 1: gap=0.03%, cost=8.1110, optimal=8.1083, time=75.3s
[INFO]   Instance 2: gap=0.53%, cost=7.8263, optimal=7.7849, time=75.4s
[INFO]   Trial 27 completed:
[INFO]     Mean gap: 0.1951%
[INFO]     Std gap: 0.2382%
[INFO]     Total time: 226.00s
[INFO] ================================================================================
[I 2025-11-14 16:32:21,047] Trial 26 finished with value: 0.19512183659771884 and parameters: {'mutate': 0.22544026729730327, 'recombination': 0.8637499639347435}. Best is trial 25 with value: 0.14220367209593446.
[INFO] ================================================================================
[INFO] Trial 28 started
[INFO]   Parameters: mutate=0.231992, recombination=0.870076
[INFO]   Using first 3 instances for tuning
[INFO]   Instance 0: gap=0.02%, cost=7.8064, optimal=7.8049, time=75.3s
[INFO]   Instance 1: gap=0.08%, cost=8.1146, optimal=8.1083, time=75.3s
[INFO]   Instance 2: gap=0.88%, cost=7.8538, optimal=7.7849, time=75.4s
[INFO]   Trial 28 completed:
[INFO]     Mean gap: 0.3272%
[INFO]     Std gap: 0.3948%
[INFO]     Total time: 225.96s
[INFO] ================================================================================
[I 2025-11-14 16:36:07,067] Trial 27 finished with value: 0.3272180217070468 and parameters: {'mutate': 0.2319924394561105, 'recombination': 0.870075891809817}. Best is trial 25 with value: 0.14220367209593446.
[INFO] ================================================================================
[INFO] Trial 29 started
[INFO]   Parameters: mutate=0.223029, recombination=0.834630
[INFO]   Using first 3 instances for tuning
[INFO]   Instance 0: gap=0.36%, cost=7.8333, optimal=7.8049, time=75.5s
[INFO]   Instance 1: gap=0.02%, cost=8.1101, optimal=8.1083, time=75.4s
[INFO]   Instance 2: gap=1.36%, cost=7.8910, optimal=7.7849, time=75.5s
[INFO]   Trial 29 completed:
[INFO]     Mean gap: 0.5829%
[INFO]     Std gap: 0.5688%
[INFO]     Total time: 226.33s
[INFO] ================================================================================
[I 2025-11-14 16:39:53,461] Trial 28 finished with value: 0.5828759957684504 and parameters: {'mutate': 0.2230293813431926, 'recombination': 0.8346297795872649}. Best is trial 25 with value: 0.14220367209593446.
[INFO] ================================================================================
[INFO] Trial 30 started
[INFO]   Parameters: mutate=0.283651, recombination=0.849019
[INFO]   Using first 3 instances for tuning
[INFO]   Instance 0: gap=0.30%, cost=7.8280, optimal=7.8049, time=75.3s
[INFO]   Instance 1: gap=0.14%, cost=8.1193, optimal=8.1083, time=75.4s
[INFO]   Instance 2: gap=1.32%, cost=7.8874, optimal=7.7849, time=75.3s
[INFO]   Trial 30 completed:
[INFO]     Mean gap: 0.5828%
[INFO]     Std gap: 0.5227%
[INFO]     Total time: 226.06s
[INFO] ================================================================================
[I 2025-11-14 16:43:39,586] Trial 29 finished with value: 0.5827980121192677 and parameters: {'mutate': 0.2836514280564763, 'recombination': 0.849019121539982}. Best is trial 25 with value: 0.14220367209593446.
[INFO] ================================================================================
[INFO] Trial 31 started
[INFO]   Parameters: mutate=0.248442, recombination=0.885860
[INFO]   Using first 3 instances for tuning
[INFO]   Instance 0: gap=0.01%, cost=7.8053, optimal=7.8049, time=75.4s
[INFO]   Instance 1: gap=0.08%, cost=8.1146, optimal=8.1083, time=75.5s
[INFO]   Instance 2: gap=1.05%, cost=7.8665, optimal=7.7849, time=75.4s
[INFO]   Trial 31 completed:
[INFO]     Mean gap: 0.3769%
[INFO]     Std gap: 0.4752%
[INFO]     Total time: 226.22s
[INFO] ================================================================================
[I 2025-11-14 16:47:25,867] Trial 30 finished with value: 0.3769091572889405 and parameters: {'mutate': 0.24844225704098946, 'recombination': 0.88586033924791}. Best is trial 25 with value: 0.14220367209593446.
[INFO] ================================================================================
[INFO] Trial 32 started
[INFO]   Parameters: mutate=0.228910, recombination=0.935475
[INFO]   Using first 3 instances for tuning
[INFO]   Instance 0: gap=0.30%, cost=7.8286, optimal=7.8049, time=75.3s
[INFO]   Instance 1: gap=0.02%, cost=8.1101, optimal=8.1083, time=75.4s
[INFO]   Instance 2: gap=0.59%, cost=7.8306, optimal=7.7849, time=75.4s
[INFO]   Trial 32 completed:
[INFO]     Mean gap: 0.3040%
[INFO]     Std gap: 0.2306%
[INFO]     Total time: 226.02s
[INFO] ================================================================================
[I 2025-11-14 16:51:11,948] Trial 31 finished with value: 0.3040105774105628 and parameters: {'mutate': 0.22891009780975038, 'recombination': 0.93547455401762}. Best is trial 25 with value: 0.14220367209593446.
[INFO] ================================================================================
[INFO] Trial 33 started
[INFO]   Parameters: mutate=0.326873, recombination=0.867700
[INFO]   Using first 3 instances for tuning
[INFO]   Instance 0: gap=0.36%, cost=7.8333, optimal=7.8049, time=75.3s
[INFO]   Instance 1: gap=0.39%, cost=8.1399, optimal=8.1083, time=75.3s
[INFO]   Instance 2: gap=1.25%, cost=7.8823, optimal=7.7849, time=75.4s
[INFO]   Trial 33 completed:
[INFO]     Mean gap: 0.6685%
[INFO]     Std gap: 0.4124%
[INFO]     Total time: 226.06s
[INFO] ================================================================================
[I 2025-11-14 16:54:58,074] Trial 32 finished with value: 0.6685414643379461 and parameters: {'mutate': 0.3268729840739552, 'recombination': 0.8676999056130548}. Best is trial 25 with value: 0.14220367209593446.
[INFO] ================================================================================
[INFO] Trial 34 started
[INFO]   Parameters: mutate=0.274250, recombination=0.894438
[INFO]   Using first 3 instances for tuning
[INFO]   Instance 0: gap=0.19%, cost=7.8199, optimal=7.8049, time=75.4s
[INFO]   Instance 1: gap=0.02%, cost=8.1101, optimal=8.1083, time=75.3s
[INFO]   Instance 2: gap=0.70%, cost=7.8393, optimal=7.7849, time=75.4s
[INFO]   Trial 34 completed:
[INFO]     Mean gap: 0.3040%
[INFO]     Std gap: 0.2875%
[INFO]     Total time: 226.01s
[INFO] ================================================================================
[I 2025-11-14 16:58:44,149] Trial 33 finished with value: 0.3039738215363667 and parameters: {'mutate': 0.2742499568466562, 'recombination': 0.894437582487995}. Best is trial 25 with value: 0.14220367209593446.
[INFO] ================================================================================
[INFO] Trial 35 started
[INFO]   Parameters: mutate=0.380690, recombination=0.853062
[INFO]   Using first 3 instances for tuning
[INFO]   Instance 0: gap=0.48%, cost=7.8421, optimal=7.8049, time=75.3s
[INFO]   Instance 1: gap=0.39%, cost=8.1399, optimal=8.1083, time=75.3s
[INFO]   Instance 2: gap=1.10%, cost=7.8707, optimal=7.7849, time=75.2s
[INFO]   Trial 35 completed:
[INFO]     Mean gap: 0.6564%
[INFO]     Std gap: 0.3175%
[INFO]     Total time: 225.86s
[INFO] ================================================================================
[I 2025-11-14 17:02:30,073] Trial 34 finished with value: 0.6564478759374529 and parameters: {'mutate': 0.3806896801692644, 'recombination': 0.8530615866017317}. Best is trial 25 with value: 0.14220367209593446.
[INFO] ================================================================================
[INFO] Trial 36 started
[INFO]   Parameters: mutate=0.202504, recombination=0.814651
[INFO]   Using first 3 instances for tuning
[INFO]   Instance 0: gap=0.22%, cost=7.8220, optimal=7.8049, time=75.5s
[INFO]   Instance 1: gap=0.21%, cost=8.1256, optimal=8.1083, time=75.3s
[INFO]   Instance 2: gap=0.70%, cost=7.8393, optimal=7.7849, time=75.4s
[INFO]   Trial 36 completed:
[INFO]     Mean gap: 0.3765%
[INFO]     Std gap: 0.2275%
[INFO]     Total time: 226.21s
[INFO] ================================================================================
[I 2025-11-14 17:06:16,339] Trial 35 finished with value: 0.3765482468252479 and parameters: {'mutate': 0.20250394631873486, 'recombination': 0.8146510211644296}. Best is trial 25 with value: 0.14220367209593446.
[INFO] ================================================================================
[INFO] Trial 37 started
[INFO]   Parameters: mutate=0.295264, recombination=0.905308
[INFO]   Using first 3 instances for tuning
[INFO]   Instance 0: gap=0.02%, cost=7.8064, optimal=7.8049, time=75.3s
[INFO]   Instance 1: gap=0.03%, cost=8.1110, optimal=8.1083, time=75.3s
[INFO]   Instance 2: gap=1.03%, cost=7.8651, optimal=7.7849, time=75.5s
[INFO]   Trial 37 completed:
[INFO]     Mean gap: 0.3611%
[INFO]     Std gap: 0.4729%
[INFO]     Total time: 226.07s
[INFO] ================================================================================
[I 2025-11-14 17:10:02,471] Trial 36 finished with value: 0.36114217669257115 and parameters: {'mutate': 0.2952636215075666, 'recombination': 0.9053083078383278}. Best is trial 25 with value: 0.14220367209593446.
[INFO] ================================================================================
[INFO] Trial 38 started
[INFO]   Parameters: mutate=0.948639, recombination=0.928115
[INFO]   Using first 3 instances for tuning
[INFO]   Instance 0: gap=1.03%, cost=7.8850, optimal=7.8049, time=75.3s
[INFO]   Instance 1: gap=1.76%, cost=8.2509, optimal=8.1083, time=75.5s
[INFO]   Instance 2: gap=2.13%, cost=7.9509, optimal=7.7849, time=75.3s
[INFO]   Trial 38 completed:
[INFO]     Mean gap: 1.6390%
[INFO]     Std gap: 0.4593%
[INFO]     Total time: 226.07s
[INFO] ================================================================================
[I 2025-11-14 17:13:48,606] Trial 37 finished with value: 1.6390402997575733 and parameters: {'mutate': 0.9486389200253885, 'recombination': 0.9281150570052447}. Best is trial 25 with value: 0.14220367209593446.
[INFO] ================================================================================
[INFO] Trial 39 started
[INFO]   Parameters: mutate=0.262321, recombination=0.726615
[INFO]   Using first 3 instances for tuning
[INFO]   Instance 0: gap=0.61%, cost=7.8526, optimal=7.8049, time=75.5s
[INFO]   Instance 1: gap=0.35%, cost=8.1367, optimal=8.1083, time=75.3s
[INFO]   Instance 2: gap=1.60%, cost=7.9091, optimal=7.7849, time=75.4s
[INFO]   Trial 39 completed:
[INFO]     Mean gap: 0.8522%
[INFO]     Std gap: 0.5361%
[INFO]     Total time: 226.15s
[INFO] ================================================================================
[I 2025-11-14 17:17:34,812] Trial 38 finished with value: 0.8521670947061984 and parameters: {'mutate': 0.2623214659461116, 'recombination': 0.726615082304271}. Best is trial 25 with value: 0.14220367209593446.
[INFO] ================================================================================
[INFO] Trial 40 started
[INFO]   Parameters: mutate=0.328793, recombination=0.876920
[INFO]   Using first 3 instances for tuning
[INFO]   Instance 0: gap=0.34%, cost=7.8313, optimal=7.8049, time=75.3s
[INFO]   Instance 1: gap=0.22%, cost=8.1263, optimal=8.1083, time=75.3s
[INFO]   Instance 2: gap=0.96%, cost=7.8597, optimal=7.7849, time=75.5s
[INFO]   Trial 40 completed:
[INFO]     Mean gap: 0.5072%
[INFO]     Std gap: 0.3247%
[INFO]     Total time: 226.06s
[INFO] ================================================================================
[I 2025-11-14 17:21:20,934] Trial 39 finished with value: 0.5071550372787689 and parameters: {'mutate': 0.3287933859719091, 'recombination': 0.8769195348621782}. Best is trial 25 with value: 0.14220367209593446.
[INFO] ================================================================================
[INFO] Trial 41 started
[INFO]   Parameters: mutate=0.805098, recombination=0.891534
[INFO]   Using first 3 instances for tuning
[INFO]   Instance 0: gap=0.78%, cost=7.8654, optimal=7.8049, time=75.5s
[INFO]   Instance 1: gap=1.32%, cost=8.2157, optimal=8.1083, time=75.5s
[INFO]   Instance 2: gap=1.62%, cost=7.9110, optimal=7.7849, time=75.4s
[INFO]   Trial 41 completed:
[INFO]     Mean gap: 1.2399%
[INFO]     Std gap: 0.3500%
[INFO]     Total time: 226.40s
[INFO] ================================================================================
[I 2025-11-14 17:25:07,401] Trial 40 finished with value: 1.2398688126530333 and parameters: {'mutate': 0.8050978723446925, 'recombination': 0.8915338402667642}. Best is trial 25 with value: 0.14220367209593446.
[INFO] ================================================================================
[INFO] Trial 42 started
[INFO]   Parameters: mutate=0.224417, recombination=0.908429
[INFO]   Using first 3 instances for tuning
[INFO]   Instance 0: gap=0.01%, cost=7.8053, optimal=7.8049, time=75.3s
[INFO]   Instance 1: gap=0.02%, cost=8.1101, optimal=8.1083, time=75.4s
[INFO]   Instance 2: gap=0.50%, cost=7.8241, optimal=7.7849, time=75.2s
[INFO]   Trial 42 completed:
[INFO]     Mean gap: 0.1770%
[INFO]     Std gap: 0.2311%
[INFO]     Total time: 225.93s
[INFO] ================================================================================
[I 2025-11-14 17:28:53,390] Trial 41 finished with value: 0.1770299603269354 and parameters: {'mutate': 0.22441672590269346, 'recombination': 0.9084288340292336}. Best is trial 25 with value: 0.14220367209593446.
[INFO] ================================================================================
[INFO] Trial 43 started
[INFO]   Parameters: mutate=0.219817, recombination=0.919517
[INFO]   Using first 3 instances for tuning
[INFO]   Instance 0: gap=0.64%, cost=7.8550, optimal=7.8049, time=75.4s
[INFO]   Instance 1: gap=0.02%, cost=8.1101, optimal=8.1083, time=75.3s
[INFO]   Instance 2: gap=0.59%, cost=7.8306, optimal=7.7849, time=75.2s
[INFO]   Trial 43 completed:
[INFO]     Mean gap: 0.4166%
[INFO]     Std gap: 0.2802%
[INFO]     Total time: 225.90s
[INFO] ================================================================================
[I 2025-11-14 17:32:39,356] Trial 42 finished with value: 0.41659788526831054 and parameters: {'mutate': 0.2198172265229688, 'recombination': 0.9195166378702827}. Best is trial 25 with value: 0.14220367209593446.
[INFO] ================================================================================
[INFO] Trial 44 started
[INFO]   Parameters: mutate=0.261138, recombination=0.941774
[INFO]   Using first 3 instances for tuning
[INFO]   Instance 0: gap=0.01%, cost=7.8053, optimal=7.8049, time=75.2s
[INFO]   Instance 1: gap=0.02%, cost=8.1101, optimal=8.1083, time=75.3s
[INFO]   Instance 2: gap=0.59%, cost=7.8306, optimal=7.7849, time=75.3s
[INFO]   Trial 44 completed:
[INFO]     Mean gap: 0.2046%
[INFO]     Std gap: 0.2701%
[INFO]     Total time: 225.88s
[INFO] ================================================================================
[I 2025-11-14 17:36:25,300] Trial 43 finished with value: 0.2046237928327995 and parameters: {'mutate': 0.2611379040408898, 'recombination': 0.9417737666597872}. Best is trial 25 with value: 0.14220367209593446.
[INFO] ================================================================================
[INFO] Trial 45 started
[INFO]   Parameters: mutate=0.236793, recombination=0.943943
[INFO]   Using first 3 instances for tuning
[INFO]   Instance 0: gap=0.30%, cost=7.8280, optimal=7.8049, time=75.3s
[INFO]   Instance 1: gap=0.85%, cost=8.1773, optimal=8.1083, time=75.3s
[INFO]   Instance 2: gap=1.52%, cost=7.9031, optimal=7.7849, time=75.5s
[INFO]   Trial 45 completed:
[INFO]     Mean gap: 0.8886%
[INFO]     Std gap: 0.4996%
[INFO]     Total time: 226.07s
[INFO] ================================================================================
[I 2025-11-14 17:40:11,436] Trial 44 finished with value: 0.8885535122054478 and parameters: {'mutate': 0.23679264001305217, 'recombination': 0.9439431202910357}. Best is trial 25 with value: 0.14220367209593446.
[INFO] ================================================================================
[INFO] Trial 46 started
[INFO]   Parameters: mutate=0.261801, recombination=0.907946
[INFO]   Using first 3 instances for tuning
[INFO]   Instance 0: gap=0.01%, cost=7.8053, optimal=7.8049, time=75.5s
[INFO]   Instance 1: gap=0.02%, cost=8.1101, optimal=8.1083, time=75.3s
[INFO]   Instance 2: gap=0.55%, cost=7.8273, optimal=7.7849, time=75.5s
[INFO]   Trial 46 completed:
[INFO]     Mean gap: 0.1908%
[INFO]     Std gap: 0.2506%
[INFO]     Total time: 226.21s
[INFO] ================================================================================
[I 2025-11-14 17:43:57,704] Trial 45 finished with value: 0.19082177228232725 and parameters: {'mutate': 0.2618013701443556, 'recombination': 0.9079461316001118}. Best is trial 25 with value: 0.14220367209593446.
[INFO] ================================================================================
[INFO] Trial 47 started
[INFO]   Parameters: mutate=0.213381, recombination=0.906422
[INFO]   Using first 3 instances for tuning
[INFO]   Instance 0: gap=0.02%, cost=7.8064, optimal=7.8049, time=75.3s
[INFO]   Instance 1: gap=0.21%, cost=8.1256, optimal=8.1083, time=75.4s
[INFO]   Instance 2: gap=0.55%, cost=7.8273, optimal=7.7849, time=75.4s
[INFO]   Trial 47 completed:
[INFO]     Mean gap: 0.2592%
[INFO]     Std gap: 0.2169%
[INFO]     Total time: 226.10s
[INFO] ================================================================================
[I 2025-11-14 17:47:43,859] Trial 46 finished with value: 0.25919911352396685 and parameters: {'mutate': 0.21338069579797128, 'recombination': 0.9064219406581231}. Best is trial 25 with value: 0.14220367209593446.
[INFO] ================================================================================
[INFO] Trial 48 started
[INFO]   Parameters: mutate=0.252566, recombination=0.878044
[INFO]   Using first 3 instances for tuning
[INFO]   Instance 0: gap=0.33%, cost=7.8307, optimal=7.8049, time=75.4s
[INFO]   Instance 1: gap=0.02%, cost=8.1101, optimal=8.1083, time=75.3s
[INFO]   Instance 2: gap=0.64%, cost=7.8350, optimal=7.7849, time=75.4s
[INFO]   Trial 48 completed:
[INFO]     Mean gap: 0.3321%
[INFO]     Std gap: 0.2540%
[INFO]     Total time: 226.13s
[INFO] ================================================================================
[I 2025-11-14 17:51:30,044] Trial 47 finished with value: 0.3320551561767582 and parameters: {'mutate': 0.252565732494595, 'recombination': 0.878044428984503}. Best is trial 25 with value: 0.14220367209593446.
[INFO] ================================================================================
[INFO] Trial 49 started
[INFO]   Parameters: mutate=0.202361, recombination=0.843043
[INFO]   Using first 3 instances for tuning
[INFO]   Instance 0: gap=0.32%, cost=7.8296, optimal=7.8049, time=75.3s
[INFO]   Instance 1: gap=0.15%, cost=8.1203, optimal=8.1083, time=75.4s
[INFO]   Instance 2: gap=0.45%, cost=7.8198, optimal=7.7849, time=75.4s
[INFO]   Trial 49 completed:
[INFO]     Mean gap: 0.3042%
[INFO]     Std gap: 0.1232%
[INFO]     Total time: 226.18s
[INFO] ================================================================================
